2025-04-13 17:52:09 [main] INFO  org.jarec.Main - Starting Splurg World
2025-04-13 17:52:09 [main] INFO  org.jarec.Main - Author: Jarec
2025-04-13 17:52:09 [main] INFO  org.jarec.Main - Version: 01.01.00
2025-04-13 17:52:09 [main] INFO  org.jarec.Main - Creating Splurg World
2025-04-13 17:52:09 [main] INFO  org.jarec.gui.WorldFrame - World Frame created
2025-04-13 17:52:45 [main] INFO  org.jarec.Main - Starting Splurg World
2025-04-13 17:52:45 [main] INFO  org.jarec.Main - Author: Jarec
2025-04-13 17:52:45 [main] INFO  org.jarec.Main - Version: 01.01.01
2025-04-13 17:52:45 [main] INFO  org.jarec.Main - Creating Splurg World
2025-04-13 17:52:46 [main] INFO  org.jarec.gui.WorldFrame - World Frame created
2025-04-13 17:54:06 [main] INFO  org.jarec.gui.WorldFrame - World Frame created
2025-04-13 17:54:06 [main] INFO  org.jarec.gui.WorldFrame - Fennoroth of The Hive was spawned on turn 0
2025-04-13 17:54:06 [main] INFO  org.jarec.gui.WorldFrame - Rivtharrius of The Hive was spawned on turn 0
2025-04-13 17:54:06 [main] INFO  org.jarec.gui.WorldFrame - Krivianoth of The Hive was spawned on turn 0
2025-04-13 17:54:06 [main] INFO  org.jarec.gui.WorldFrame - Thaldraith of The Hive was spawned on turn 0
2025-04-13 17:54:06 [main] INFO  org.jarec.gui.WorldFrame - Ithlianos of The Hive was spawned on turn 0
2025-04-13 17:54:06 [main] INFO  org.jarec.gui.WorldFrame - Morvianiel of The Hive was spawned on turn 0
2025-04-13 17:54:06 [main] INFO  org.jarec.gui.WorldFrame - Syldarrius of The Hive was spawned on turn 0
2025-04-13 17:54:06 [main] INFO  org.jarec.gui.WorldFrame - Fentharrath of The Hive was spawned on turn 0
2025-04-13 17:54:06 [main] INFO  org.jarec.gui.WorldFrame - Fendrada of The Hive was spawned on turn 0
